1681260477586	8a2ac2595edb4e7e9696dae73647a155	10400	94671
1681256577586	4cbf167b29d34ad899b73b83d6e4d6ce	85717	42272
1681247577586	81a707c506cd41ad840cd9c920e75792	56615	93067
1681243917586	4bbd08028629463c9d2b9ff716ca2f50	74230	52235
1681243437586	6120af0366884bc3a4813d877743d530	51664	21107
1681270017586	73afa30a41284a9c80f83bcd313b32c9	55900	53610
1681249497586	212313311b7d43d0b27c462bebe4769a	38889	42607
1681256217586	212313311b7d43d0b27c462bebe4769a	77556	12990
1681242117587	6a19b70182524da991d89ca8c83dbf6f	84304	24043
1681276077587	7aa335799d0d4eeb9944f448a6862f88	27221	79243
1681259397587	6d28ecc2be7942eca57c023a5e26edfc	63143	72371
1681246497587	0fe4e46d617a42a9b8be56c970ea0412	16514	39864
1681249617587	78faa2fed0e94d93b37a4bf34ee86738	80639	90324
1681268517587	8a2ac2595edb4e7e9696dae73647a155	87846	28746
1681267497587	513a0596b11444b588b310de76ff6337	71792	81825
1681258317587	8a81796a16804dac9b80745ec76c1336	23671	8909
1681248597587	572ec5ea6a8646dc88f81ca355940caa	32956	30987
1681258137587	3aef4a25e81249a893df0da52cc1101e	9685	20170
1681250637587	46b63c4900b9499991b56766834ad3fe	18833	81223
1681256877587	4a031495c1e74b7284f0fa3be20affb4	87497	26833
1681250337587	b84bbee7deff4adaa8532e5afcfa9dbd	87621	61772
1681241877587	2b7932d0eb5246c693f18c1ec0df4beb	75784	32113
1681256157587	8f5b5eca091b40aab4d857f3440f82b1	15386	1106
1681252197587	60a0cd55a1514bec9e2ae32fb87ba796	14640	74042
1681245057587	678eeb58d4d545cbbd728a917d0523a3	91641	68435
1681251357587	6d28ecc2be7942eca57c023a5e26edfc	47335	61665
1681258977587	98105e65df084b599397ed9c7c6cee71	98296	90924
1681251777587	4cbf167b29d34ad899b73b83d6e4d6ce	3265	97724
1681276857587	626145d482e4492baf505631fb9f85ad	39542	95805
1681246497587	8792e8b8e2b24bccbba42abedb7ab0f5	14424	76065
1681253637587	626145d482e4492baf505631fb9f85ad	32251	91876
1681267917587	c53e1b3d6dd04f32b2dc58f188b1275c	17427	36107
1681270197587	ede7fa2574824bf78a843f02ec8167fe	75579	83014
1681270917587	ce5179dba5904382a0dc16de47b8711d	92097	36245
1681268757587	0fe4e46d617a42a9b8be56c970ea0412	61329	58182
1681277037587	9b322f5b24824d70b01c5c28caec4604	79933	91324
1681250397587	e5413c9ffa0b4de6a1b081cfee83749e	48262	34475
1681256757587	73afa30a41284a9c80f83bcd313b32c9	25673	61536
1681266357587	d759150c126947c89d5fe3663197fd61	67913	95870
1681258737587	ce5179dba5904382a0dc16de47b8711d	17365	59363
1681275777587	513a0596b11444b588b310de76ff6337	28501	83945
1681274877587	4bbd08028629463c9d2b9ff716ca2f50	12470	83240
1681277397587	a78dc64b8c374ba7af39f34064447977	80368	94872
1681255137587	7aa335799d0d4eeb9944f448a6862f88	10897	87061
1681244517587	9c4a9cae511347a7b08839e29f0c79b2	1256	97531
1681243497587	78faa2fed0e94d93b37a4bf34ee86738	63951	39633
1681243737587	69fcc1ffa58a42d3b0e870e16c1d6a53	74518	99906
1681250277587	d3381302c9da4ef780e4977a02166316	19592	13990
1681268217587	212313311b7d43d0b27c462bebe4769a	80028	72671
1681253277587	d067fc8a1f3048b5897192b699c68602	2555	36543
1681245297587	572ec5ea6a8646dc88f81ca355940caa	90504	90599
1681252077587	3aef4a25e81249a893df0da52cc1101e	67857	39946
1681241697587	0fe4e46d617a42a9b8be56c970ea0412	26737	50321
1681275717587	5d38dab0c85d4285acaa8277e78bb893	77279	75447
1681248357587	c53e1b3d6dd04f32b2dc58f188b1275c	64470	68852
1681275837587	1b24c2e68421436ca3db9f9e612920af	16258	64887
1681255497587	81a707c506cd41ad840cd9c920e75792	42980	46125
1681261197587	ce5179dba5904382a0dc16de47b8711d	3298	34526
1681274397587	34bf442d5b5541d3b7867c7a94a0f61e	22126	24214
1681250817587	81a707c506cd41ad840cd9c920e75792	93233	25985
1681258077587	1b24c2e68421436ca3db9f9e612920af	98548	96112
1681242237587	d5cf559bd2d24611a35f4d52627adad5	47723	8728
1681253157587	8a81796a16804dac9b80745ec76c1336	13823	40345
1681262817587	68e6201c63404d51b70eea440154386b	8470	58204
1681243617587	490332c5364949f0a04b34b84089db07	74208	82742
1681243617587	4f484d6f75de4e8b974d9a1215050863	75905	46793
1681277157587	a2ae1f3b58f9414e9805608d69454cd8	37878	11786
1681276137587	69fcc1ffa58a42d3b0e870e16c1d6a53	83654	5277
1681270377587	4f484d6f75de4e8b974d9a1215050863	28326	89372
1681273317587	28d5144a498e47b58edd396857d863c0	73161	82167
1681256937587	67d3419455404fe8ab46ada365de2c7e	46563	41333
1681261797587	62e9d181ae66480aa749379bcfe9946d	48728	61880
1681256757587	678eeb58d4d545cbbd728a917d0523a3	87941	32927
1681257357587	4bbd08028629463c9d2b9ff716ca2f50	65450	24997
1681260957587	8a81796a16804dac9b80745ec76c1336	70483	59878
1681269117587	a2ae1f3b58f9414e9805608d69454cd8	30242	28290
1681246137587	60a0cd55a1514bec9e2ae32fb87ba796	13787	89818
1681245477587	e4a40db9da5d49038165246c0730610a	42860	31960
1681255077587	3aef4a25e81249a893df0da52cc1101e	66774	33675
1681256217587	34bf442d5b5541d3b7867c7a94a0f61e	54460	56751
1681269717587	66f3bba0f5cd4723ba0b11508b5fba09	83591	75915
1681242297587	ad8ae26608584ac7885163e4f2a12e5d	18547	68596
1681276977587	8a81796a16804dac9b80745ec76c1336	64890	87983
1681268997587	c1cf4651d70d4124b6dbbaee145a7d18	84571	8884
1681244217587	e4a40db9da5d49038165246c0730610a	3207	22958
1681254417587	4cbf167b29d34ad899b73b83d6e4d6ce	38024	66110
1681270857587	d24b7100a6654a73b652f383f384e387	73581	96032
1681262637587	1aa3338c6028455a8c100a912f7826e1	21910	61541
1681271757587	19c8fc4ecbb2438883dc89ad7d763ba0	93369	99327
1681258137587	62e9d181ae66480aa749379bcfe9946d	25807	16571
1681276917587	c5433ec6cba340b7b788cd93be8cb4c5	70335	74505
1681255737587	2b7932d0eb5246c693f18c1ec0df4beb	30468	56855
1681253337587	4a031495c1e74b7284f0fa3be20affb4	72637	30459
1681268697587	4f484d6f75de4e8b974d9a1215050863	95345	84879
1681241757587	3952314a2bc04088b9a7349eed3cf361	89372	3991
1681273137587	988b9b46daca4702987c2cbfa2924212	13019	41118
1681276077587	c1cf4651d70d4124b6dbbaee145a7d18	44368	90398
1681248477587	2b7932d0eb5246c693f18c1ec0df4beb	114	1247
1681261077588	4cbf167b29d34ad899b73b83d6e4d6ce	71317	86359
1681253217588	5f80d53c0799453a9f5584c1f2ad2863	65137	30063
1681244877588	7aa335799d0d4eeb9944f448a6862f88	48242	57830
1681258797588	68e6201c63404d51b70eea440154386b	42683	90862
1681256157588	88d2fe0304da4adba0cc96409b69e103	3511	95540
1681242897588	69fcc1ffa58a42d3b0e870e16c1d6a53	95486	70654
1681277157588	566d5710959e4408ac08536174bf618e	40448	55565
1681263537588	56fa9909173641f1a0fc0412694cccbb	63345	13602
1681267137588	66f3bba0f5cd4723ba0b11508b5fba09	33905	17661
1681270737588	78b585d4c6aa46b196f2e4cc494e484a	86134	44192
1681275777588	8f94bedb83964da796c2e4ffc194d53b	41369	70290
1681272537588	0c609ebd8009418f9a31846a1dcf4262	97754	75807
1681251597588	54e1aafd532647878c12efc1b07a66d8	49457	67485
1681263237588	b92a8291ebc64200b4bef722eaf3c558	17458	59145
1681267977588	c1cf4651d70d4124b6dbbaee145a7d18	56700	33488
1681275117588	678eeb58d4d545cbbd728a917d0523a3	85246	81642
1681267917588	b84bbee7deff4adaa8532e5afcfa9dbd	25542	28384
1681266297588	7d3bf22a75a04caf9faa7e9bc18592f1	22248	49262
1681241577588	78faa2fed0e94d93b37a4bf34ee86738	65223	83940
1681247157588	28d5144a498e47b58edd396857d863c0	40835	25990
1681247397588	212313311b7d43d0b27c462bebe4769a	93599	40851
1681259157588	62e9d181ae66480aa749379bcfe9946d	71885	50851
1681277097588	ad8ae26608584ac7885163e4f2a12e5d	73849	32650
1681263357588	9a77ba0fb9b14996b94d265778fe6ce7	49007	89177
1681266597588	4cbf167b29d34ad899b73b83d6e4d6ce	48298	57507
1681261737588	1f0bbdc356254c71b28d1773f803d8fe	17401	36733
1681264497588	4f484d6f75de4e8b974d9a1215050863	60496	61599
1681242477588	212313311b7d43d0b27c462bebe4769a	99529	91751
1681276017588	8f5b5eca091b40aab4d857f3440f82b1	41140	57245
1681244217588	d759150c126947c89d5fe3663197fd61	11842	18800
1681255857588	8a2ac2595edb4e7e9696dae73647a155	39690	84415
1681275597588	1f0bbdc356254c71b28d1773f803d8fe	83447	29685
1681251897588	78faa2fed0e94d93b37a4bf34ee86738	47502	36139
1681269297588	73afa30a41284a9c80f83bcd313b32c9	43999	74993
1681242477588	78faa2fed0e94d93b37a4bf34ee86738	71783	58536
1681245357588	c53e1b3d6dd04f32b2dc58f188b1275c	7552	40998
1681256037588	19c8fc4ecbb2438883dc89ad7d763ba0	6534	46076
1681267737588	212313311b7d43d0b27c462bebe4769a	37286	32437
1681273137588	626145d482e4492baf505631fb9f85ad	3173	67828
1681257237588	54e1aafd532647878c12efc1b07a66d8	7434	80448
1681263837588	0c609ebd8009418f9a31846a1dcf4262	1129	9724
1681273377588	03985307add246a99e45531a28fb3d7d	85645	42735
1681274217588	0fe4e46d617a42a9b8be56c970ea0412	32961	94498
1681250697588	78b585d4c6aa46b196f2e4cc494e484a	75580	60519
1681252077588	20ca31cdea814aa48cd5d4239de7d5f0	99079	2615
1681250217588	65d135c2465341eebc48671287551c40	52907	88404
1681266297588	e4a40db9da5d49038165246c0730610a	10108	66221
1681251837588	3924e410310341ba9d88304fa3f8c60c	22684	30016
1681272897588	56fa9909173641f1a0fc0412694cccbb	64429	60217
1681256037588	284f8bc9520a4dc39eccc41065f4a505	32951	27193
1681271157588	03985307add246a99e45531a28fb3d7d	1458	30354
1681259637588	39aea86af6894762ae4bd89f4a58576b	1521	90318
1681246077588	8a81796a16804dac9b80745ec76c1336	87531	22448
1681251837588	03154799c4d04893848f706377f0d365	59047	29938
1681273437588	0c609ebd8009418f9a31846a1dcf4262	71523	46509
1681270617588	a2ae1f3b58f9414e9805608d69454cd8	84193	58647
1681252557588	988b9b46daca4702987c2cbfa2924212	48143	2759
1681261077588	28d5144a498e47b58edd396857d863c0	46833	148
1681273797588	7415380925d64f8086f293bda7ebda0c	85133	87387
1681260057588	7d3bf22a75a04caf9faa7e9bc18592f1	45683	22111
1681270497588	60a0cd55a1514bec9e2ae32fb87ba796	85543	30411
1681255197588	54e1aafd532647878c12efc1b07a66d8	84781	63987
1681249197588	284f8bc9520a4dc39eccc41065f4a505	44591	53945
1681276857588	67718b9df5114c33b1dd686a81f25606	73773	70187
1681250937588	77d980f396004f0c87120aa5217967d7	51970	49609
1681256697588	381a438d80994af1a2c4a66ff1745b6b	69488	42436
1681242597588	34bf442d5b5541d3b7867c7a94a0f61e	54535	130
1681271337588	65d135c2465341eebc48671287551c40	10775	83679
1681247817588	5d38dab0c85d4285acaa8277e78bb893	10447	80397
1681259517588	73afa30a41284a9c80f83bcd313b32c9	52177	65051
1681266357588	77d980f396004f0c87120aa5217967d7	82420	62260
1681277037588	78b585d4c6aa46b196f2e4cc494e484a	96501	15295
1681260597588	d067fc8a1f3048b5897192b699c68602	97019	48580
1681268457588	69fcc1ffa58a42d3b0e870e16c1d6a53	72038	99054
1681271877588	20ca31cdea814aa48cd5d4239de7d5f0	11284	33867
1681247637588	381a438d80994af1a2c4a66ff1745b6b	84911	99952
1681261257588	d067fc8a1f3048b5897192b699c68602	99350	35161
1681266057588	9b322f5b24824d70b01c5c28caec4604	66375	11343
1681245957588	6120af0366884bc3a4813d877743d530	83846	55619
1681250757588	65d135c2465341eebc48671287551c40	65804	62326
1681258797588	988b9b46daca4702987c2cbfa2924212	80814	56027
1681273677588	c5433ec6cba340b7b788cd93be8cb4c5	44201	29940
1681242297588	e4a40db9da5d49038165246c0730610a	74535	50137
1681259277588	e4a40db9da5d49038165246c0730610a	74993	27383
1681265517588	7aa335799d0d4eeb9944f448a6862f88	80338	84308
1681258137588	ce5179dba5904382a0dc16de47b8711d	2243	58609
1681262097588	7415380925d64f8086f293bda7ebda0c	77496	33257
1681269777588	7aa335799d0d4eeb9944f448a6862f88	60518	41334
1681248657588	5f80d53c0799453a9f5584c1f2ad2863	98575	33395
1681264377588	284f8bc9520a4dc39eccc41065f4a505	58988	58651
1681260657588	e0bf08bd38ca4b3986452fdbca6253d4	76405	2320
1681241697588	1b24c2e68421436ca3db9f9e612920af	68496	12216
1681254057588	60a0cd55a1514bec9e2ae32fb87ba796	2868	22146
1681277337588	65d135c2465341eebc48671287551c40	86041	93447
1681256517588	62e9d181ae66480aa749379bcfe9946d	71263	45931
1681255617588	54e1aafd532647878c12efc1b07a66d8	86935	6786
1681257717588	19c8fc4ecbb2438883dc89ad7d763ba0	1521	61967
1681251357588	73afa30a41284a9c80f83bcd313b32c9	44834	34952
1681256277588	925b444724b448a19b5f3b38a391033c	40882	81109
1681264797588	1b24c2e68421436ca3db9f9e612920af	54816	22039
1681272777588	54e1aafd532647878c12efc1b07a66d8	88691	32902
1681275957588	3924e410310341ba9d88304fa3f8c60c	22718	93459
1681270257589	1b24c2e68421436ca3db9f9e612920af	54286	87756
1681243077589	3924e410310341ba9d88304fa3f8c60c	16595	71518
1681277157589	a2ae1f3b58f9414e9805608d69454cd8	6985	30228
1681246377589	8792e8b8e2b24bccbba42abedb7ab0f5	63586	75165
1681269537589	ce5179dba5904382a0dc16de47b8711d	37105	22764
1681256697589	0ec97f69d756473a96696c9ff1f2e936	38549	3129
1681271997589	1b24c2e68421436ca3db9f9e612920af	56417	19461
1681264677589	6d28ecc2be7942eca57c023a5e26edfc	65380	50554
1681267497589	54e1aafd532647878c12efc1b07a66d8	29754	38097
1681276137589	d067fc8a1f3048b5897192b699c68602	56110	57517
1681250517589	9390cab57a0c44f097050e1bd7de163d	80138	75909
1681267917589	284f8bc9520a4dc39eccc41065f4a505	48733	87519
1681259577589	6120af0366884bc3a4813d877743d530	85319	67256
1681253217589	37a5f952a50e4b2a896dc0c64dac4582	12324	43776
1681266297589	4cbf167b29d34ad899b73b83d6e4d6ce	55923	72162
1681271217589	ad8ae26608584ac7885163e4f2a12e5d	36065	15553
1681267257589	3aef4a25e81249a893df0da52cc1101e	85751	6013
1681253157589	1fab384aa5664a6da73f0f0fbb7ae36e	47453	70773
1681269297589	d24b7100a6654a73b652f383f384e387	29161	80519
1681261977589	678eeb58d4d545cbbd728a917d0523a3	65864	22419
1681266837589	2b7932d0eb5246c693f18c1ec0df4beb	68008	11902
1681258017589	d759150c126947c89d5fe3663197fd61	8992	28817
1681276137589	0fe4e46d617a42a9b8be56c970ea0412	70748	62881
1681260657589	d5cf559bd2d24611a35f4d52627adad5	99368	89578
1681274037589	1f0bbdc356254c71b28d1773f803d8fe	60440	10293
1681261857589	1fab384aa5664a6da73f0f0fbb7ae36e	32979	74713
1681275657589	69fcc1ffa58a42d3b0e870e16c1d6a53	43098	85853
1681257597589	626145d482e4492baf505631fb9f85ad	33368	24059
1681274757589	1f0bbdc356254c71b28d1773f803d8fe	11943	16769
1681265517589	69fcc1ffa58a42d3b0e870e16c1d6a53	7708	67441
1681273857589	39aea86af6894762ae4bd89f4a58576b	97617	48360
1681265517589	2b7932d0eb5246c693f18c1ec0df4beb	91150	38651
1681267017589	8a2ac2595edb4e7e9696dae73647a155	63538	12989
1681247217589	b0385a51f2544cd0abb13d5906967b70	30787	71357
1681266897589	e6927e04b08549caa96bbe6fd1edf3b1	75856	64876
1681253577589	68e6201c63404d51b70eea440154386b	28864	8861
1681244817589	11706bbb9b394b71bfa6abb2e8afc4aa	75417	36389
1681274937589	78faa2fed0e94d93b37a4bf34ee86738	74094	63138
1681266957589	4bbd08028629463c9d2b9ff716ca2f50	81382	15160
1681244217589	73afa30a41284a9c80f83bcd313b32c9	16453	4118
1681252617589	1b24c2e68421436ca3db9f9e612920af	43065	68408
1681273257589	8f94bedb83964da796c2e4ffc194d53b	64131	32005
1681263477589	513a0596b11444b588b310de76ff6337	54656	96344
1681267977589	ad8ae26608584ac7885163e4f2a12e5d	10612	94300
1681267317589	9b322f5b24824d70b01c5c28caec4604	4498	54192
1681258797589	513a0596b11444b588b310de76ff6337	85097	89642
1681266237589	53277e7607a2417c971e1568eec62076	23310	48344
1681246917589	1fab384aa5664a6da73f0f0fbb7ae36e	84258	52641
1681252737589	c5433ec6cba340b7b788cd93be8cb4c5	24737	62090
1681255377589	4f484d6f75de4e8b974d9a1215050863	46439	17397
1681250697589	54e1aafd532647878c12efc1b07a66d8	69214	61092
1681260117589	d759150c126947c89d5fe3663197fd61	22760	3611
1681259157589	8792e8b8e2b24bccbba42abedb7ab0f5	47301	61475
1681264317589	66f3bba0f5cd4723ba0b11508b5fba09	4290	25355
1681267077589	78faa2fed0e94d93b37a4bf34ee86738	44798	43657
1681248417589	5f80d53c0799453a9f5584c1f2ad2863	78746	38367
1681259457589	03154799c4d04893848f706377f0d365	11101	30648
1681247997589	c53e1b3d6dd04f32b2dc58f188b1275c	53089	80113
1681252857589	572ec5ea6a8646dc88f81ca355940caa	85373	40180
1681260597589	53277e7607a2417c971e1568eec62076	97328	73728
1681274217589	a443009201ae45bcb7b17e14b45bada9	86343	37221
1681266297589	8f5b5eca091b40aab4d857f3440f82b1	78347	10123
1681277457589	03985307add246a99e45531a28fb3d7d	77258	43442
1681245597589	28d5144a498e47b58edd396857d863c0	18336	88307
1681264317589	b0385a51f2544cd0abb13d5906967b70	71553	71590
1681245597589	73afa30a41284a9c80f83bcd313b32c9	70822	76573
1681275417589	1e1805d47ecb4c7189a479a9637ac60f	37586	22125
1681261437589	28d5144a498e47b58edd396857d863c0	41920	68013
1681245057589	56fa9909173641f1a0fc0412694cccbb	43371	72440
1681258737589	0c609ebd8009418f9a31846a1dcf4262	96537	11436
1681274037589	78faa2fed0e94d93b37a4bf34ee86738	3653	48756
1681243077589	2b7932d0eb5246c693f18c1ec0df4beb	83944	50851
1681242177589	73afa30a41284a9c80f83bcd313b32c9	10339	83063
1681267617589	03154799c4d04893848f706377f0d365	46475	59389
1681245777589	25dc45ac495f4acdb44a6ee92a04d7cf	82321	57267
1681271037589	513a0596b11444b588b310de76ff6337	89581	63304
1681267557589	25dc45ac495f4acdb44a6ee92a04d7cf	71462	97248
1681261077589	73afa30a41284a9c80f83bcd313b32c9	56929	12980
1681263837589	8f5b5eca091b40aab4d857f3440f82b1	97284	71574
1681264977589	19c8fc4ecbb2438883dc89ad7d763ba0	422	32882
1681253757589	53277e7607a2417c971e1568eec62076	56245	30063
1681274997589	e6927e04b08549caa96bbe6fd1edf3b1	95107	93781
1681249917589	39aea86af6894762ae4bd89f4a58576b	95725	8649
1681242537589	a78dc64b8c374ba7af39f34064447977	3561	39860
1681264497589	53277e7607a2417c971e1568eec62076	19596	99650
1681270737589	ad8ae26608584ac7885163e4f2a12e5d	11958	28965
1681277337589	6a19b70182524da991d89ca8c83dbf6f	24795	14138
1681251597589	78faa2fed0e94d93b37a4bf34ee86738	89102	50979
1681263237589	e4a40db9da5d49038165246c0730610a	13932	87732
1681242897589	8a81796a16804dac9b80745ec76c1336	62178	39881
1681264257589	34bf442d5b5541d3b7867c7a94a0f61e	63035	80852
1681268457589	68e6201c63404d51b70eea440154386b	91402	60085
1681261737589	e6927e04b08549caa96bbe6fd1edf3b1	82609	32577
1681252797589	53277e7607a2417c971e1568eec62076	88012	89861
1681247517589	8f5b5eca091b40aab4d857f3440f82b1	13725	88388
1681251237589	5d38dab0c85d4285acaa8277e78bb893	73525	69340
1681263657589	9b322f5b24824d70b01c5c28caec4604	89787	60167
1681249437589	7d3bf22a75a04caf9faa7e9bc18592f1	92284	93693
1681264917589	381a438d80994af1a2c4a66ff1745b6b	32367	10743
1681250157589	513a0596b11444b588b310de76ff6337	6627	55822
1681264677589	b172fd791a794554a4027a0865f7429c	9160	79938
1681258977589	4f484d6f75de4e8b974d9a1215050863	727	88503
1681263957589	65d135c2465341eebc48671287551c40	71711	11609
1681263117589	a78dc64b8c374ba7af39f34064447977	21677	71904
1681243857589	53277e7607a2417c971e1568eec62076	8343	63758
1681274097589	62e9d181ae66480aa749379bcfe9946d	35589	75702
1681247817589	03985307add246a99e45531a28fb3d7d	9308	58199
1681271757589	77d980f396004f0c87120aa5217967d7	30824	31461
1681264437589	8f5b5eca091b40aab4d857f3440f82b1	25894	7145
1681259157589	56fa9909173641f1a0fc0412694cccbb	75115	13951
1681242837589	5d38dab0c85d4285acaa8277e78bb893	31861	25789
1681259577589	b0385a51f2544cd0abb13d5906967b70	90476	68371
1681242837589	66f3bba0f5cd4723ba0b11508b5fba09	72404	82253
1681250997589	1fab384aa5664a6da73f0f0fbb7ae36e	93521	76246
1681252137589	e5413c9ffa0b4de6a1b081cfee83749e	48599	53079
1681257237589	8f5b5eca091b40aab4d857f3440f82b1	39566	79389
1681244997589	7aa335799d0d4eeb9944f448a6862f88	39742	74425
1681265217589	8f5b5eca091b40aab4d857f3440f82b1	48829	62080
1681263177589	e4a40db9da5d49038165246c0730610a	35314	60499
1681272657589	c5433ec6cba340b7b788cd93be8cb4c5	61477	83481
1681246437589	62e9d181ae66480aa749379bcfe9946d	48325	20936
1681274817589	0c609ebd8009418f9a31846a1dcf4262	4053	68674
1681258917589	284f8bc9520a4dc39eccc41065f4a505	86612	78652
1681246677589	4cbf167b29d34ad899b73b83d6e4d6ce	48711	27610
1681254117590	9390cab57a0c44f097050e1bd7de163d	52646	67318
1681248057590	490332c5364949f0a04b34b84089db07	78368	52160
1681241637590	28d5144a498e47b58edd396857d863c0	56331	84895
1681254537590	c60fe54ef3bf479c922a94bf654f115b	5868	51254
1681255917590	81a707c506cd41ad840cd9c920e75792	58527	50785
1681254717590	ad8ae26608584ac7885163e4f2a12e5d	15300	44670
1681244817590	4cbf167b29d34ad899b73b83d6e4d6ce	87270	9385
1681274937590	3aef4a25e81249a893df0da52cc1101e	46441	14176
1681248777590	28d5144a498e47b58edd396857d863c0	72655	88069
1681247277590	54e1aafd532647878c12efc1b07a66d8	77479	16386
1681243797590	ad8ae26608584ac7885163e4f2a12e5d	15508	88774
1681263537590	8f5b5eca091b40aab4d857f3440f82b1	44469	5070
1681246557590	90facc7c9f6d4945a8c254a8f393fe29	51989	98911
1681271037590	1b24c2e68421436ca3db9f9e612920af	96817	50063
1681259097590	b92a8291ebc64200b4bef722eaf3c558	30658	3427
1681253817590	1f0bbdc356254c71b28d1773f803d8fe	54727	13907
1681245597590	37a5f952a50e4b2a896dc0c64dac4582	6640	49738
1681244877590	60a0cd55a1514bec9e2ae32fb87ba796	60392	66474
1681264617590	284f8bc9520a4dc39eccc41065f4a505	33632	50860
1681241817590	68e6201c63404d51b70eea440154386b	87956	74597
1681261257590	7aa335799d0d4eeb9944f448a6862f88	29149	79908
1681270257590	e6927e04b08549caa96bbe6fd1edf3b1	75698	59159
1681265517590	11706bbb9b394b71bfa6abb2e8afc4aa	13180	16749
1681270077590	b88337944b9b4f629bcc2d65644e88ff	43829	39095
1681258737590	1b24c2e68421436ca3db9f9e612920af	94651	29320
1681249737590	c5433ec6cba340b7b788cd93be8cb4c5	31702	64028
1681250037590	b92a8291ebc64200b4bef722eaf3c558	8260	52500
1681264497590	ce5179dba5904382a0dc16de47b8711d	68318	43967
1681260477590	e6927e04b08549caa96bbe6fd1edf3b1	81257	59028
1681266057590	212313311b7d43d0b27c462bebe4769a	75771	507
1681246977590	56fa9909173641f1a0fc0412694cccbb	6759	908
1681259577590	6a19b70182524da991d89ca8c83dbf6f	74343	8848
1681261017590	e5413c9ffa0b4de6a1b081cfee83749e	46021	58180
1681274097590	7aa335799d0d4eeb9944f448a6862f88	50278	84315
1681267557590	d24b7100a6654a73b652f383f384e387	65523	13187
1681270437590	37a5f952a50e4b2a896dc0c64dac4582	87014	51392
1681265517590	566d5710959e4408ac08536174bf618e	98605	19796
1681252917590	988b9b46daca4702987c2cbfa2924212	97950	39424
1681276677590	e5413c9ffa0b4de6a1b081cfee83749e	82424	79076
1681268637590	c53e1b3d6dd04f32b2dc58f188b1275c	77809	63490
1681246017590	9c4a9cae511347a7b08839e29f0c79b2	98881	87841
1681260117590	c60fe54ef3bf479c922a94bf654f115b	21578	53005
1681269417590	ede7fa2574824bf78a843f02ec8167fe	47234	55132
1681251597590	4bbd08028629463c9d2b9ff716ca2f50	70719	50028
1681260837590	3952314a2bc04088b9a7349eed3cf361	60511	81671
1681245057590	b88337944b9b4f629bcc2d65644e88ff	1808	40872
1681260897590	1aa3338c6028455a8c100a912f7826e1	89154	34616
1681247097590	03154799c4d04893848f706377f0d365	97575	41937
1681249437590	56fa9909173641f1a0fc0412694cccbb	48708	93092
1681266117590	a78dc64b8c374ba7af39f34064447977	13048	23477
1681250517590	a78dc64b8c374ba7af39f34064447977	27941	71428
1681248657590	53277e7607a2417c971e1568eec62076	90943	42983
1681249557590	b92a8291ebc64200b4bef722eaf3c558	77808	5810
1681249797590	572ec5ea6a8646dc88f81ca355940caa	50310	76537
1681268397590	ede7fa2574824bf78a843f02ec8167fe	33594	43340
1681251837590	39aea86af6894762ae4bd89f4a58576b	33630	6017
1681245657590	212313311b7d43d0b27c462bebe4769a	34882	17744
1681261197590	490332c5364949f0a04b34b84089db07	18050	45335
1681274937590	03154799c4d04893848f706377f0d365	98096	90558
1681277097590	b92a8291ebc64200b4bef722eaf3c558	95001	12277
1681277457590	0c609ebd8009418f9a31846a1dcf4262	49815	16281
1681243977590	dcd88d406bc54f17b8cd1de9b95b8502	17395	10357
1681262937590	a2ae1f3b58f9414e9805608d69454cd8	45844	40325
1681248057590	3924e410310341ba9d88304fa3f8c60c	33225	64246
1681242057590	d3381302c9da4ef780e4977a02166316	8846	55818
1681265157590	0fe4e46d617a42a9b8be56c970ea0412	39102	55255
1681252797590	8a81796a16804dac9b80745ec76c1336	9878	79087
1681250877590	e4a40db9da5d49038165246c0730610a	66274	56538
1681268037590	d5cf559bd2d24611a35f4d52627adad5	41094	94911
1681266597590	d5cf559bd2d24611a35f4d52627adad5	9675	11906
1681257297590	8a2ac2595edb4e7e9696dae73647a155	64356	75687
1681257597590	81a707c506cd41ad840cd9c920e75792	83579	6068
1681274457590	0c609ebd8009418f9a31846a1dcf4262	15005	26325
1681264917590	1e1805d47ecb4c7189a479a9637ac60f	54239	46457
1681256697590	9b322f5b24824d70b01c5c28caec4604	41964	22458
1681255137590	e4a40db9da5d49038165246c0730610a	26636	39002
1681255077590	e0bf08bd38ca4b3986452fdbca6253d4	38098	71465
1681245537590	1f0bbdc356254c71b28d1773f803d8fe	52866	99170
1681257957590	78b585d4c6aa46b196f2e4cc494e484a	57853	6805
1681259097590	2b7932d0eb5246c693f18c1ec0df4beb	17674	960
1681273977590	20ca31cdea814aa48cd5d4239de7d5f0	84035	69014
1681247217590	66f3bba0f5cd4723ba0b11508b5fba09	4569	87553
1681256637590	d24b7100a6654a73b652f383f384e387	6821	76676
1681253637590	a2ae1f3b58f9414e9805608d69454cd8	55597	27897
1681265277590	9b322f5b24824d70b01c5c28caec4604	45743	40282
1681275537590	4bbd08028629463c9d2b9ff716ca2f50	57740	56347
1681253577590	73afa30a41284a9c80f83bcd313b32c9	13524	79508
1681274937590	1aa3338c6028455a8c100a912f7826e1	38474	60828
1681245597590	8792e8b8e2b24bccbba42abedb7ab0f5	22579	80880
1681246317590	9c4a9cae511347a7b08839e29f0c79b2	12129	25684
1681267797590	60a0cd55a1514bec9e2ae32fb87ba796	62487	50928
1681245117590	b88337944b9b4f629bcc2d65644e88ff	82424	45244
1681251837590	b88337944b9b4f629bcc2d65644e88ff	25488	72246
1681243977590	c1cf4651d70d4124b6dbbaee145a7d18	85406	68464
1681268457590	03154799c4d04893848f706377f0d365	80476	27463
1681258197590	6d28ecc2be7942eca57c023a5e26edfc	41773	1869
1681270257590	28d5144a498e47b58edd396857d863c0	82658	22696
1681260177590	513a0596b11444b588b310de76ff6337	53513	86196
1681258737590	3924e410310341ba9d88304fa3f8c60c	50515	59203
1681266477590	6120af0366884bc3a4813d877743d530	94976	77221
1681242777590	e4a40db9da5d49038165246c0730610a	58890	34979
1681247697590	66f3bba0f5cd4723ba0b11508b5fba09	4682	10884
1681270617590	d759150c126947c89d5fe3663197fd61	63114	97010
1681266357590	c5433ec6cba340b7b788cd93be8cb4c5	53705	64055
1681275717590	25dc45ac495f4acdb44a6ee92a04d7cf	9220	4674
1681242897590	e4a40db9da5d49038165246c0730610a	31111	89318
1681242117590	65d135c2465341eebc48671287551c40	36528	68257
1681254417590	572ec5ea6a8646dc88f81ca355940caa	88828	42009
1681258977590	98105e65df084b599397ed9c7c6cee71	56432	92002
1681247037590	dcd88d406bc54f17b8cd1de9b95b8502	70822	73885
1681271877590	d759150c126947c89d5fe3663197fd61	37074	4667
1681248237590	62e9d181ae66480aa749379bcfe9946d	36048	52095
1681272717590	46b63c4900b9499991b56766834ad3fe	87532	3777
1681244157590	0ec97f69d756473a96696c9ff1f2e936	49166	16206
1681253757590	8f5b5eca091b40aab4d857f3440f82b1	11520	67405
1681262517590	988b9b46daca4702987c2cbfa2924212	67677	84605
1681241757590	6a19b70182524da991d89ca8c83dbf6f	35223	77434
1681273497590	56fa9909173641f1a0fc0412694cccbb	43493	93054
1681259997590	0ec97f69d756473a96696c9ff1f2e936	45896	69123
1681255377590	7aa335799d0d4eeb9944f448a6862f88	22552	15783
1681258617590	a443009201ae45bcb7b17e14b45bada9	46703	11113
1681250337590	3924e410310341ba9d88304fa3f8c60c	71090	6448
1681254477590	e0bf08bd38ca4b3986452fdbca6253d4	95768	32779
1681267497590	56fa9909173641f1a0fc0412694cccbb	31224	14643
1681257477590	11706bbb9b394b71bfa6abb2e8afc4aa	45747	67884
1681266717590	566d5710959e4408ac08536174bf618e	26107	78282
1681255797590	b92a8291ebc64200b4bef722eaf3c558	22143	77809
1681243977590	8a81796a16804dac9b80745ec76c1336	23060	82645
1681258257590	ad8ae26608584ac7885163e4f2a12e5d	17761	14751
1681250037590	988b9b46daca4702987c2cbfa2924212	65255	4945
1681249377590	77d980f396004f0c87120aa5217967d7	87147	64352
1681271577590	572ec5ea6a8646dc88f81ca355940caa	65282	69312
1681274217590	7aa335799d0d4eeb9944f448a6862f88	83832	42463
1681242837590	d5cf559bd2d24611a35f4d52627adad5	62652	1415
1681254777590	ad8ae26608584ac7885163e4f2a12e5d	89259	95239
1681251657590	e0bf08bd38ca4b3986452fdbca6253d4	7704	35627
1681257777590	69fcc1ffa58a42d3b0e870e16c1d6a53	96917	6951
1681262757590	67d3419455404fe8ab46ada365de2c7e	30145	74835
1681255497590	1fab384aa5664a6da73f0f0fbb7ae36e	77454	66480
1681275357590	34bf442d5b5541d3b7867c7a94a0f61e	72173	37513
1681251477590	d3381302c9da4ef780e4977a02166316	18969	25524
1681257357590	67718b9df5114c33b1dd686a81f25606	70333	66136
1681246077590	56fa9909173641f1a0fc0412694cccbb	20578	36745
1681243617590	8f5b5eca091b40aab4d857f3440f82b1	26200	37422
1681276797590	566d5710959e4408ac08536174bf618e	10560	30596
1681259037590	b84bbee7deff4adaa8532e5afcfa9dbd	28117	92507
1681258137590	65d135c2465341eebc48671287551c40	29493	1214
1681272477590	9b322f5b24824d70b01c5c28caec4604	15951	74512
1681248057590	dcd88d406bc54f17b8cd1de9b95b8502	89611	86706
1681258077590	1fab384aa5664a6da73f0f0fbb7ae36e	97008	33
1681251597590	572ec5ea6a8646dc88f81ca355940caa	46358	51292
1681246977590	490332c5364949f0a04b34b84089db07	41801	50787
1681253037590	626145d482e4492baf505631fb9f85ad	5558	50043
1681276437590	8a81796a16804dac9b80745ec76c1336	80277	6766
1681268157590	9c4a9cae511347a7b08839e29f0c79b2	25939	54319
1681270737590	566d5710959e4408ac08536174bf618e	9787	61499
1681276137590	37a5f952a50e4b2a896dc0c64dac4582	96577	68987
1681246317590	1aa3338c6028455a8c100a912f7826e1	49035	98086
1681264857590	a443009201ae45bcb7b17e14b45bada9	50684	55203
1681270677590	c1cf4651d70d4124b6dbbaee145a7d18	14813	92908
1681250577590	6d28ecc2be7942eca57c023a5e26edfc	73994	91983
1681264437590	1e1805d47ecb4c7189a479a9637ac60f	33495	51150
1681242057590	3952314a2bc04088b9a7349eed3cf361	7901	2982
1681273377590	c5433ec6cba340b7b788cd93be8cb4c5	69125	71980
1681262097590	490332c5364949f0a04b34b84089db07	20048	94163
1681246677590	5f80d53c0799453a9f5584c1f2ad2863	11201	39275
1681260597590	a2ae1f3b58f9414e9805608d69454cd8	32743	24035
1681252917590	5d38dab0c85d4285acaa8277e78bb893	51722	14703
1681264017590	e4a40db9da5d49038165246c0730610a	66737	96260
1681258257590	28d5144a498e47b58edd396857d863c0	94190	83936
1681264617590	0c609ebd8009418f9a31846a1dcf4262	36199	32712
1681266657590	490332c5364949f0a04b34b84089db07	37826	84969
1681270497590	0fe4e46d617a42a9b8be56c970ea0412	27116	61759
1681263837590	5d38dab0c85d4285acaa8277e78bb893	49638	34484
1681276077590	78faa2fed0e94d93b37a4bf34ee86738	43500	82528
1681271277590	7415380925d64f8086f293bda7ebda0c	87523	83343
1681257897590	66f3bba0f5cd4723ba0b11508b5fba09	61567	69408
1681251837591	8f5b5eca091b40aab4d857f3440f82b1	30478	63049
1681270317591	e4a40db9da5d49038165246c0730610a	27876	90520
1681259457591	0fe4e46d617a42a9b8be56c970ea0412	16548	86772
1681262637591	25dc45ac495f4acdb44a6ee92a04d7cf	23048	41699
1681255257591	9a77ba0fb9b14996b94d265778fe6ce7	10606	16709
1681265877591	c60fe54ef3bf479c922a94bf654f115b	66623	21885
1681243977591	78faa2fed0e94d93b37a4bf34ee86738	17308	20527
1681275357591	b92a8291ebc64200b4bef722eaf3c558	54727	15428
1681250337591	a78dc64b8c374ba7af39f34064447977	41099	19723
1681246857591	78b585d4c6aa46b196f2e4cc494e484a	13546	48923
1681262577591	34bf442d5b5541d3b7867c7a94a0f61e	11297	1331
1681247937591	2b7932d0eb5246c693f18c1ec0df4beb	27705	95010
1681253337591	9390cab57a0c44f097050e1bd7de163d	51309	46210
1681261977591	e0bf08bd38ca4b3986452fdbca6253d4	43987	17022
1681266717591	88d2fe0304da4adba0cc96409b69e103	42825	13173
1681267077591	b92a8291ebc64200b4bef722eaf3c558	50430	16471
1681276497591	1e1805d47ecb4c7189a479a9637ac60f	45530	30604
1681270857591	60a0cd55a1514bec9e2ae32fb87ba796	53610	10004
1681268577591	e6927e04b08549caa96bbe6fd1edf3b1	2444	45641
1681268337591	88d2fe0304da4adba0cc96409b69e103	75539	2752
1681259277591	3952314a2bc04088b9a7349eed3cf361	66583	39727
1681271337591	03154799c4d04893848f706377f0d365	45437	67368
1681269117591	39aea86af6894762ae4bd89f4a58576b	2879	96195
1681260177591	03985307add246a99e45531a28fb3d7d	81335	61819
1681271577591	56fa9909173641f1a0fc0412694cccbb	69805	55886
1681272897591	11706bbb9b394b71bfa6abb2e8afc4aa	91675	38536
1681256157591	b172fd791a794554a4027a0865f7429c	82969	11833
1681243497591	03154799c4d04893848f706377f0d365	44521	8514
1681263717591	0fe4e46d617a42a9b8be56c970ea0412	63969	65584
1681245177591	39aea86af6894762ae4bd89f4a58576b	81233	72223
1681260657591	284f8bc9520a4dc39eccc41065f4a505	69648	5823
1681256937591	c53e1b3d6dd04f32b2dc58f188b1275c	55912	57588
1681261617591	572ec5ea6a8646dc88f81ca355940caa	75546	94135
1681270557591	e6927e04b08549caa96bbe6fd1edf3b1	34127	80442
1681262877591	d24b7100a6654a73b652f383f384e387	35420	25289
1681247037591	8f94bedb83964da796c2e4ffc194d53b	4880	85484
1681245357591	2b7932d0eb5246c693f18c1ec0df4beb	34654	28265
1681241877591	a78dc64b8c374ba7af39f34064447977	27938	31558
1681261677591	5d38dab0c85d4285acaa8277e78bb893	92370	57836
1681253577591	9390cab57a0c44f097050e1bd7de163d	87714	50151
1681269477591	28d5144a498e47b58edd396857d863c0	29972	83018
1681256337591	1b24c2e68421436ca3db9f9e612920af	34202	28559
1681255977591	1e1805d47ecb4c7189a479a9637ac60f	43497	45756
1681242777591	6120af0366884bc3a4813d877743d530	33244	33441
1681253757591	0c609ebd8009418f9a31846a1dcf4262	89154	4414
1681273617591	8a2ac2595edb4e7e9696dae73647a155	11461	77602
1681260897591	39aea86af6894762ae4bd89f4a58576b	27064	8910
1681276917591	77d980f396004f0c87120aa5217967d7	18844	99447
1681251237591	69fcc1ffa58a42d3b0e870e16c1d6a53	21007	36842
1681274217591	56fa9909173641f1a0fc0412694cccbb	337	44810
1681274457591	6d28ecc2be7942eca57c023a5e26edfc	40468	9910
1681258317591	4a031495c1e74b7284f0fa3be20affb4	79296	47494
1681277217591	67d3419455404fe8ab46ada365de2c7e	39809	1011
1681249017591	67718b9df5114c33b1dd686a81f25606	54478	2934
1681256637591	678eeb58d4d545cbbd728a917d0523a3	11734	97608
1681266117591	b0385a51f2544cd0abb13d5906967b70	74376	82377
1681273437591	b0385a51f2544cd0abb13d5906967b70	64319	11773
1681276437591	c60fe54ef3bf479c922a94bf654f115b	10888	56720
1681270197591	ede7fa2574824bf78a843f02ec8167fe	81522	51514
1681262637591	513a0596b11444b588b310de76ff6337	28657	22398
1681246437591	8a2ac2595edb4e7e9696dae73647a155	31663	63084
1681267137591	78b585d4c6aa46b196f2e4cc494e484a	97360	50183
1681252017591	6d28ecc2be7942eca57c023a5e26edfc	60320	82944
1681271337591	b92a8291ebc64200b4bef722eaf3c558	29211	11489
1681276737591	78b585d4c6aa46b196f2e4cc494e484a	69912	91494
1681263237591	6d28ecc2be7942eca57c023a5e26edfc	51251	95877
1681245237591	626145d482e4492baf505631fb9f85ad	12694	13966
1681256037591	68e6201c63404d51b70eea440154386b	22051	8494
1681256157591	3aef4a25e81249a893df0da52cc1101e	34625	54542
1681261557591	25dc45ac495f4acdb44a6ee92a04d7cf	85376	63640
1681253577591	d24b7100a6654a73b652f383f384e387	22250	27993
1681242477591	e0bf08bd38ca4b3986452fdbca6253d4	53064	98
1681251717591	9b322f5b24824d70b01c5c28caec4604	53487	67848
1681258737591	20ca31cdea814aa48cd5d4239de7d5f0	91941	63564
1681243137591	3952314a2bc04088b9a7349eed3cf361	67508	89493
1681256937591	dcd88d406bc54f17b8cd1de9b95b8502	50569	1337
1681275357591	67718b9df5114c33b1dd686a81f25606	53193	90427
1681265157591	62e9d181ae66480aa749379bcfe9946d	41970	55310
1681265757591	566d5710959e4408ac08536174bf618e	38729	66615
1681243137591	b88337944b9b4f629bcc2d65644e88ff	4357	28240
1681253457591	4f484d6f75de4e8b974d9a1215050863	38166	89097
1681264797591	03154799c4d04893848f706377f0d365	7315	18218
1681253037591	8a81796a16804dac9b80745ec76c1336	43840	81555
1681251777591	b88337944b9b4f629bcc2d65644e88ff	60056	37668
1681257837591	b88337944b9b4f629bcc2d65644e88ff	44637	7704
1681253157591	9390cab57a0c44f097050e1bd7de163d	79385	65580
1681258137591	dde6667c5ae54504b3638752308686ac	52047	29694
1681249017591	28d5144a498e47b58edd396857d863c0	355	20464
1681253817591	e5413c9ffa0b4de6a1b081cfee83749e	68291	23276
1681274817591	0ec97f69d756473a96696c9ff1f2e936	47825	57346
1681276617591	513a0596b11444b588b310de76ff6337	39310	32268
1681271337591	8792e8b8e2b24bccbba42abedb7ab0f5	80644	55890
1681265697591	ce5179dba5904382a0dc16de47b8711d	58512	34633
1681262337591	b172fd791a794554a4027a0865f7429c	26186	3735
1681265097591	3924e410310341ba9d88304fa3f8c60c	11634	90962
1681259937591	9390cab57a0c44f097050e1bd7de163d	87161	6214
1681268877591	77d980f396004f0c87120aa5217967d7	80873	89173
1681259817591	a2ae1f3b58f9414e9805608d69454cd8	73042	88568
1681268517591	4bbd08028629463c9d2b9ff716ca2f50	68786	18308
1681246857591	b84bbee7deff4adaa8532e5afcfa9dbd	12576	28296
1681252617591	566d5710959e4408ac08536174bf618e	99094	4339
1681270377591	284f8bc9520a4dc39eccc41065f4a505	92120	32146
1681270017591	73afa30a41284a9c80f83bcd313b32c9	47589	68567
1681254057591	88d2fe0304da4adba0cc96409b69e103	35001	61237
1681248477591	66f3bba0f5cd4723ba0b11508b5fba09	89116	98632
1681275657591	11706bbb9b394b71bfa6abb2e8afc4aa	36331	78769
1681261677591	7415380925d64f8086f293bda7ebda0c	7713	15615
1681249137591	0ec97f69d756473a96696c9ff1f2e936	26497	76042
1681245237591	ce5179dba5904382a0dc16de47b8711d	7267	28600
1681244817591	5f80d53c0799453a9f5584c1f2ad2863	51769	85026
1681271157591	78b585d4c6aa46b196f2e4cc494e484a	73660	50001
1681270917591	2b7932d0eb5246c693f18c1ec0df4beb	664	98882
1681259097591	a78dc64b8c374ba7af39f34064447977	72656	86601
1681250157591	566d5710959e4408ac08536174bf618e	48528	8721
1681271577591	03154799c4d04893848f706377f0d365	15661	47041
1681277457591	90facc7c9f6d4945a8c254a8f393fe29	81659	74106
1681266837591	b92a8291ebc64200b4bef722eaf3c558	36395	85022
1681268997591	d759150c126947c89d5fe3663197fd61	45406	59787
1681250157591	c53e1b3d6dd04f32b2dc58f188b1275c	12427	36292
1681251297591	39aea86af6894762ae4bd89f4a58576b	47945	4048
1681264017591	e5413c9ffa0b4de6a1b081cfee83749e	14458	52508
1681266537591	e0bf08bd38ca4b3986452fdbca6253d4	9620	89467
1681254357591	0ec97f69d756473a96696c9ff1f2e936	53004	64206
1681252317591	626145d482e4492baf505631fb9f85ad	58593	18879
1681272117591	d5cf559bd2d24611a35f4d52627adad5	60227	64423
1681264857591	67d3419455404fe8ab46ada365de2c7e	69726	59312
1681269117591	67d3419455404fe8ab46ada365de2c7e	11559	93204
1681273617591	d759150c126947c89d5fe3663197fd61	53473	6340
1681250097591	c60fe54ef3bf479c922a94bf654f115b	77132	36549
1681242537591	e4a40db9da5d49038165246c0730610a	82956	82292
1681264557591	d24b7100a6654a73b652f383f384e387	61457	99722
1681261317591	a78dc64b8c374ba7af39f34064447977	64424	36667
1681251117591	1aa3338c6028455a8c100a912f7826e1	43965	29720
1681252377591	4a031495c1e74b7284f0fa3be20affb4	16587	26965
1681269717591	6a19b70182524da991d89ca8c83dbf6f	51458	25477
1681265697591	8f94bedb83964da796c2e4ffc194d53b	52308	26689
1681243377591	dde6667c5ae54504b3638752308686ac	74972	9191
1681252317591	9b322f5b24824d70b01c5c28caec4604	43115	82335
1681247577591	98105e65df084b599397ed9c7c6cee71	88688	17145
1681254357591	c5433ec6cba340b7b788cd93be8cb4c5	14276	74962
1681245417591	2b7932d0eb5246c693f18c1ec0df4beb	80079	71510
1681273977591	9a77ba0fb9b14996b94d265778fe6ce7	99738	30623
1681260837591	03985307add246a99e45531a28fb3d7d	93042	19707
1681270437591	e6927e04b08549caa96bbe6fd1edf3b1	68917	10348
1681275897591	490332c5364949f0a04b34b84089db07	3645	64777
1681273497591	65d135c2465341eebc48671287551c40	78886	89441
1681273857591	9c4a9cae511347a7b08839e29f0c79b2	7614	14943
1681263357591	68e6201c63404d51b70eea440154386b	70856	63562
1681271157591	4f484d6f75de4e8b974d9a1215050863	36332	38660
1681268517591	988b9b46daca4702987c2cbfa2924212	33343	72146
1681272057591	b92a8291ebc64200b4bef722eaf3c558	67850	95802
1681260297591	0fe4e46d617a42a9b8be56c970ea0412	89817	89960
1681251777591	dde6667c5ae54504b3638752308686ac	65603	6316
1681251177591	68e6201c63404d51b70eea440154386b	2609	75357
1681241817591	c1cf4651d70d4124b6dbbaee145a7d18	81645	11841
1681276557591	78b585d4c6aa46b196f2e4cc494e484a	43785	25732
1681263237591	68e6201c63404d51b70eea440154386b	54088	16549
1681271757591	988b9b46daca4702987c2cbfa2924212	14829	96817
1681248777591	88d2fe0304da4adba0cc96409b69e103	24638	61671
1681247517591	19c8fc4ecbb2438883dc89ad7d763ba0	17812	45690
1681264017591	678eeb58d4d545cbbd728a917d0523a3	51266	70869
1681255677591	67d3419455404fe8ab46ada365de2c7e	85696	3576
1681268337591	ad8ae26608584ac7885163e4f2a12e5d	59219	37121
1681253757591	0c609ebd8009418f9a31846a1dcf4262	77914	79366
1681253517591	7aa335799d0d4eeb9944f448a6862f88	55063	82207
1681270917591	20ca31cdea814aa48cd5d4239de7d5f0	72121	77280
1681255137592	4a031495c1e74b7284f0fa3be20affb4	49122	74596
1681269237592	03985307add246a99e45531a28fb3d7d	38970	80965
1681258077592	988b9b46daca4702987c2cbfa2924212	17807	80712
1681263177592	68e6201c63404d51b70eea440154386b	29446	63766
1681258137592	03154799c4d04893848f706377f0d365	43203	35012
1681265457592	ad8ae26608584ac7885163e4f2a12e5d	56112	84404
1681275957592	b88337944b9b4f629bcc2d65644e88ff	36718	5204
1681265817592	6a19b70182524da991d89ca8c83dbf6f	69910	15685
1681265517592	b84bbee7deff4adaa8532e5afcfa9dbd	29514	5846
1681276797592	284f8bc9520a4dc39eccc41065f4a505	52958	78926
1681250037592	c5433ec6cba340b7b788cd93be8cb4c5	72764	64009
1681271517592	d067fc8a1f3048b5897192b699c68602	47576	26138
1681243137592	5f80d53c0799453a9f5584c1f2ad2863	77008	55790
1681260897592	a443009201ae45bcb7b17e14b45bada9	36319	47537
1681265457592	88d2fe0304da4adba0cc96409b69e103	21376	74506
1681248957592	d5cf559bd2d24611a35f4d52627adad5	43833	53025
1681273317592	54e1aafd532647878c12efc1b07a66d8	38603	62913
1681249317592	d5cf559bd2d24611a35f4d52627adad5	46932	90841
1681244937592	5f80d53c0799453a9f5584c1f2ad2863	89855	90588
1681260897592	56fa9909173641f1a0fc0412694cccbb	33097	57576
1681252377592	8a81796a16804dac9b80745ec76c1336	38289	97444
1681263417592	b172fd791a794554a4027a0865f7429c	72251	26018
1681247697592	ce5179dba5904382a0dc16de47b8711d	46816	23908
1681259997592	69fcc1ffa58a42d3b0e870e16c1d6a53	62870	62107
1681256337592	19c8fc4ecbb2438883dc89ad7d763ba0	81752	82282
1681266177592	c60fe54ef3bf479c922a94bf654f115b	1970	5225
1681254537592	54e1aafd532647878c12efc1b07a66d8	44075	38853
1681241937592	78b585d4c6aa46b196f2e4cc494e484a	87854	10533
1681241937592	e5413c9ffa0b4de6a1b081cfee83749e	31095	81224
1681269357592	0c609ebd8009418f9a31846a1dcf4262	84727	68618
1681247397592	56fa9909173641f1a0fc0412694cccbb	94244	65189
1681273257592	9a77ba0fb9b14996b94d265778fe6ce7	34112	14996
1681272357592	b84bbee7deff4adaa8532e5afcfa9dbd	12388	61587
1681276737592	19c8fc4ecbb2438883dc89ad7d763ba0	61290	65282
1681258917592	e0bf08bd38ca4b3986452fdbca6253d4	64532	61449
1681246737592	19c8fc4ecbb2438883dc89ad7d763ba0	69115	6389
1681276377592	03154799c4d04893848f706377f0d365	52919	45055
1681264617592	56fa9909173641f1a0fc0412694cccbb	31112	22990
1681273497592	d067fc8a1f3048b5897192b699c68602	3007	68915
1681264917592	572ec5ea6a8646dc88f81ca355940caa	35757	35987
1681273617592	9b322f5b24824d70b01c5c28caec4604	9637	62305
1681256877592	284f8bc9520a4dc39eccc41065f4a505	43600	50697
1681250157592	7aa335799d0d4eeb9944f448a6862f88	4686	20426
1681262457592	7aa335799d0d4eeb9944f448a6862f88	31523	6043
1681259037592	0ec97f69d756473a96696c9ff1f2e936	27494	56366
1681254237592	3aef4a25e81249a893df0da52cc1101e	31041	49361
1681242597592	11706bbb9b394b71bfa6abb2e8afc4aa	97541	3889
1681255437592	5d38dab0c85d4285acaa8277e78bb893	96238	10809
1681264197592	62e9d181ae66480aa749379bcfe9946d	94511	70073
1681257057592	3aef4a25e81249a893df0da52cc1101e	87417	91394
1681252077592	e4a40db9da5d49038165246c0730610a	48557	31853
1681254297592	b84bbee7deff4adaa8532e5afcfa9dbd	71644	62395
1681254837592	b88337944b9b4f629bcc2d65644e88ff	28822	89943
1681275357592	62e9d181ae66480aa749379bcfe9946d	50007	98744
1681249077592	9390cab57a0c44f097050e1bd7de163d	60811	9795
1681262757592	b0385a51f2544cd0abb13d5906967b70	79578	12173
1681264017592	56fa9909173641f1a0fc0412694cccbb	20820	7293
1681274817592	78b585d4c6aa46b196f2e4cc494e484a	7801	78352
1681269117592	54e1aafd532647878c12efc1b07a66d8	50693	49110
1681252377592	39aea86af6894762ae4bd89f4a58576b	31383	56282
1681269417592	1e1805d47ecb4c7189a479a9637ac60f	70973	76160
1681263477592	e5413c9ffa0b4de6a1b081cfee83749e	75710	11942
1681275477592	c53e1b3d6dd04f32b2dc58f188b1275c	54563	57421
1681262217592	678eeb58d4d545cbbd728a917d0523a3	2403	3569
1681270917592	11706bbb9b394b71bfa6abb2e8afc4aa	41129	54323
1681246437592	8f5b5eca091b40aab4d857f3440f82b1	63940	22744
1681256517592	7d3bf22a75a04caf9faa7e9bc18592f1	93867	90218
1681259637592	25dc45ac495f4acdb44a6ee92a04d7cf	24139	48892
1681275117592	03985307add246a99e45531a28fb3d7d	38158	14219
1681276377592	d3381302c9da4ef780e4977a02166316	21450	21440
1681270137592	60a0cd55a1514bec9e2ae32fb87ba796	6211	94899
1681273257592	7d3bf22a75a04caf9faa7e9bc18592f1	42718	39273
1681273617592	c1cf4651d70d4124b6dbbaee145a7d18	80131	71997
1681242717592	60a0cd55a1514bec9e2ae32fb87ba796	61165	81309
1681274877592	e4a40db9da5d49038165246c0730610a	49714	34667
1681257297592	dcd88d406bc54f17b8cd1de9b95b8502	99690	84932
1681251957592	4f484d6f75de4e8b974d9a1215050863	98813	90366
1681255317592	7415380925d64f8086f293bda7ebda0c	51214	86666
1681244277592	d067fc8a1f3048b5897192b699c68602	6046	48824
1681256217592	a78dc64b8c374ba7af39f34064447977	76574	75322
1681255617592	b92a8291ebc64200b4bef722eaf3c558	13877	18273
1681254897592	28d5144a498e47b58edd396857d863c0	25449	58980
1681251597592	b92a8291ebc64200b4bef722eaf3c558	38862	31583
1681271397592	5f80d53c0799453a9f5584c1f2ad2863	33704	95927
1681268937592	212313311b7d43d0b27c462bebe4769a	76319	42875
1681252797592	78faa2fed0e94d93b37a4bf34ee86738	17342	66727
1681263537592	53277e7607a2417c971e1568eec62076	71080	91266
1681269477592	20ca31cdea814aa48cd5d4239de7d5f0	26616	13159
1681266957592	11706bbb9b394b71bfa6abb2e8afc4aa	60211	46081
1681270077592	e4a40db9da5d49038165246c0730610a	81516	65168
1681259337592	490332c5364949f0a04b34b84089db07	94003	46568
1681270017592	ad8ae26608584ac7885163e4f2a12e5d	57883	52376
1681251357592	4bbd08028629463c9d2b9ff716ca2f50	36422	81064
1681258557592	3924e410310341ba9d88304fa3f8c60c	52592	44763
1681268097592	d759150c126947c89d5fe3663197fd61	2869	16372
1681266177592	5f80d53c0799453a9f5584c1f2ad2863	52992	1429
1681256637592	572ec5ea6a8646dc88f81ca355940caa	5873	15427
1681264677592	212313311b7d43d0b27c462bebe4769a	70729	78118
1681258497592	62e9d181ae66480aa749379bcfe9946d	38805	83404
1681243857592	ce5179dba5904382a0dc16de47b8711d	59989	50636
1681264737592	e4a40db9da5d49038165246c0730610a	96712	54856
1681252677592	678eeb58d4d545cbbd728a917d0523a3	9366	2347
1681247157592	73afa30a41284a9c80f83bcd313b32c9	81145	62738
1681269177592	c1cf4651d70d4124b6dbbaee145a7d18	5193	37736
1681266537592	0c609ebd8009418f9a31846a1dcf4262	28451	50218
1681276737592	4a031495c1e74b7284f0fa3be20affb4	19765	48457
1681247877592	566d5710959e4408ac08536174bf618e	22600	95373
1681246917592	b0385a51f2544cd0abb13d5906967b70	44651	99606
1681246497592	60a0cd55a1514bec9e2ae32fb87ba796	89272	90942
1681269897592	ede7fa2574824bf78a843f02ec8167fe	2405	51163
1681242237592	0fe4e46d617a42a9b8be56c970ea0412	98601	61728
1681244157592	54e1aafd532647878c12efc1b07a66d8	36392	12195
1681259577592	65d135c2465341eebc48671287551c40	89597	62169
1681270977592	4bbd08028629463c9d2b9ff716ca2f50	18243	41630
1681272357592	88d2fe0304da4adba0cc96409b69e103	48897	38737
1681261197592	b92a8291ebc64200b4bef722eaf3c558	80400	72955
1681263477592	78faa2fed0e94d93b37a4bf34ee86738	10794	48688
1681259637592	8a2ac2595edb4e7e9696dae73647a155	14992	60014
1681272297592	1aa3338c6028455a8c100a912f7826e1	47831	18978
1681263777592	d759150c126947c89d5fe3663197fd61	93169	52843
1681270977592	67718b9df5114c33b1dd686a81f25606	4852	84854
1681274637592	65d135c2465341eebc48671287551c40	47145	86824
1681248177592	81a707c506cd41ad840cd9c920e75792	65331	81242
1681263357592	28d5144a498e47b58edd396857d863c0	40185	13982
1681265097592	37a5f952a50e4b2a896dc0c64dac4582	73042	91681
1681257177592	7415380925d64f8086f293bda7ebda0c	74028	6409
1681253097592	73afa30a41284a9c80f83bcd313b32c9	51321	83485
1681258737592	0c609ebd8009418f9a31846a1dcf4262	84087	9059
1681274097592	62e9d181ae66480aa749379bcfe9946d	35674	56580
1681245057592	03154799c4d04893848f706377f0d365	81593	1260
1681244697592	4cbf167b29d34ad899b73b83d6e4d6ce	94609	72910
1681256997592	c5433ec6cba340b7b788cd93be8cb4c5	44474	53188
1681251657592	69fcc1ffa58a42d3b0e870e16c1d6a53	62788	28084
1681244937592	56fa9909173641f1a0fc0412694cccbb	43341	59951
1681264137592	67718b9df5114c33b1dd686a81f25606	76290	2707
1681245537592	0ec97f69d756473a96696c9ff1f2e936	23663	38736
1681244697592	0ec97f69d756473a96696c9ff1f2e936	74437	839
1681275297592	1e1805d47ecb4c7189a479a9637ac60f	77127	82605
1681272297592	77d980f396004f0c87120aa5217967d7	92305	66192
1681276017592	a78dc64b8c374ba7af39f34064447977	65126	64017
1681265517592	68e6201c63404d51b70eea440154386b	31028	37711
1681259637592	925b444724b448a19b5f3b38a391033c	47494	72068
1681275777592	66f3bba0f5cd4723ba0b11508b5fba09	25286	48905
1681253277592	dde6667c5ae54504b3638752308686ac	24365	68053
1681271817592	4f484d6f75de4e8b974d9a1215050863	51624	866
1681242597592	212313311b7d43d0b27c462bebe4769a	99528	13232
1681274457592	2b7932d0eb5246c693f18c1ec0df4beb	98471	85827
1681266417592	4a031495c1e74b7284f0fa3be20affb4	48210	98600
1681253277592	dde6667c5ae54504b3638752308686ac	75319	76693
1681250277592	0ec97f69d756473a96696c9ff1f2e936	48428	93774
1681269177592	b172fd791a794554a4027a0865f7429c	62585	13251
1681263957592	e6927e04b08549caa96bbe6fd1edf3b1	43876	69462
1681260177592	3952314a2bc04088b9a7349eed3cf361	3287	24603
1681272957592	d24b7100a6654a73b652f383f384e387	3536	48953
1681276977592	28d5144a498e47b58edd396857d863c0	14213	48077
1681244697592	88d2fe0304da4adba0cc96409b69e103	97585	90605
1681246797592	73afa30a41284a9c80f83bcd313b32c9	71520	76426
1681260657592	dcd88d406bc54f17b8cd1de9b95b8502	72723	89070
1681260297592	381a438d80994af1a2c4a66ff1745b6b	49040	38469
1681259997592	19c8fc4ecbb2438883dc89ad7d763ba0	14985	14169
1681262817592	4a031495c1e74b7284f0fa3be20affb4	26119	27413
1681248117592	1f0bbdc356254c71b28d1773f803d8fe	4179	19595
1681276677592	7aa335799d0d4eeb9944f448a6862f88	73984	44113
1681245717592	25dc45ac495f4acdb44a6ee92a04d7cf	12025	60101
1681247697592	a78dc64b8c374ba7af39f34064447977	45827	50930
1681259337592	4a031495c1e74b7284f0fa3be20affb4	2382	56267
1681249017592	e5413c9ffa0b4de6a1b081cfee83749e	45437	51956
1681262277592	7415380925d64f8086f293bda7ebda0c	81679	40927
1681261317592	7d3bf22a75a04caf9faa7e9bc18592f1	76426	3316
1681249437592	25dc45ac495f4acdb44a6ee92a04d7cf	47940	95818
1681259817592	e6927e04b08549caa96bbe6fd1edf3b1	73645	7378
1681273557593	3924e410310341ba9d88304fa3f8c60c	30268	99988
1681267377593	5f80d53c0799453a9f5584c1f2ad2863	45268	94705
1681276857593	46b63c4900b9499991b56766834ad3fe	87314	44934
1681242237593	c60fe54ef3bf479c922a94bf654f115b	9846	90258
1681270197593	34bf442d5b5541d3b7867c7a94a0f61e	1516	66639
1681259157593	381a438d80994af1a2c4a66ff1745b6b	58614	97628
1681260777593	7d3bf22a75a04caf9faa7e9bc18592f1	92888	36955
1681259877593	6120af0366884bc3a4813d877743d530	45183	96054
1681245357593	dde6667c5ae54504b3638752308686ac	31502	95261
1681250817593	a2ae1f3b58f9414e9805608d69454cd8	17671	45610
1681257777593	b0385a51f2544cd0abb13d5906967b70	54035	17254
1681245477593	28d5144a498e47b58edd396857d863c0	77934	87556
1681273797593	e4a40db9da5d49038165246c0730610a	1362	66091
1681269177593	77d980f396004f0c87120aa5217967d7	88382	53649
1681267077593	b84bbee7deff4adaa8532e5afcfa9dbd	23234	19554
1681276077593	9390cab57a0c44f097050e1bd7de163d	21802	73952
1681260237593	9b322f5b24824d70b01c5c28caec4604	78372	45861
1681262097593	60a0cd55a1514bec9e2ae32fb87ba796	6448	34467
1681256517593	8a2ac2595edb4e7e9696dae73647a155	68772	82989
1681246977593	a78dc64b8c374ba7af39f34064447977	53625	20910
1681266597593	d759150c126947c89d5fe3663197fd61	84949	38775
1681270857593	81a707c506cd41ad840cd9c920e75792	12726	18871
1681254657593	566d5710959e4408ac08536174bf618e	87319	97890
1681275057593	0fe4e46d617a42a9b8be56c970ea0412	15074	57460
1681263837593	678eeb58d4d545cbbd728a917d0523a3	62578	67631
1681258317593	e4a40db9da5d49038165246c0730610a	36612	81439
1681252737593	b0385a51f2544cd0abb13d5906967b70	62202	49919
1681256577593	9390cab57a0c44f097050e1bd7de163d	86507	8821
1681262337593	67718b9df5114c33b1dd686a81f25606	44746	79448
1681265517593	62e9d181ae66480aa749379bcfe9946d	39250	34290
1681255857593	0c609ebd8009418f9a31846a1dcf4262	37323	12480
1681248417593	53277e7607a2417c971e1568eec62076	66107	13750
1681249557593	6a19b70182524da991d89ca8c83dbf6f	78540	82399
1681263597593	34bf442d5b5541d3b7867c7a94a0f61e	82901	82914
1681270137593	54e1aafd532647878c12efc1b07a66d8	77768	62369
1681260597593	28d5144a498e47b58edd396857d863c0	4856	28187
1681269417593	925b444724b448a19b5f3b38a391033c	89157	23185
1681241817593	626145d482e4492baf505631fb9f85ad	20390	1478
1681259937593	77d980f396004f0c87120aa5217967d7	12529	12319
1681273737593	4f484d6f75de4e8b974d9a1215050863	92426	52074
1681259877593	513a0596b11444b588b310de76ff6337	97765	35227
1681276317593	77d980f396004f0c87120aa5217967d7	45497	43281
1681254297593	90facc7c9f6d4945a8c254a8f393fe29	79748	24375
1681253517593	2b7932d0eb5246c693f18c1ec0df4beb	53653	934
1681242417593	c1cf4651d70d4124b6dbbaee145a7d18	77818	55815
1681272477593	c5433ec6cba340b7b788cd93be8cb4c5	83430	34647
1681260837593	7415380925d64f8086f293bda7ebda0c	67710	10660
1681263777593	67d3419455404fe8ab46ada365de2c7e	90625	71988
1681260057593	8f94bedb83964da796c2e4ffc194d53b	73170	86308
1681256937593	e5413c9ffa0b4de6a1b081cfee83749e	44323	13550
1681250097593	78b585d4c6aa46b196f2e4cc494e484a	35840	90820
1681250517593	a443009201ae45bcb7b17e14b45bada9	90101	35512
1681256037593	c1cf4651d70d4124b6dbbaee145a7d18	52092	68030
1681259817593	39aea86af6894762ae4bd89f4a58576b	60711	68457
1681273257593	ce5179dba5904382a0dc16de47b8711d	83430	1682
1681272117593	03985307add246a99e45531a28fb3d7d	3926	70072
1681251777593	513a0596b11444b588b310de76ff6337	76807	9921
1681243497593	d759150c126947c89d5fe3663197fd61	66215	25822
1681265877593	1f0bbdc356254c71b28d1773f803d8fe	43152	77804
1681270917593	0c609ebd8009418f9a31846a1dcf4262	65899	87127
1681253337593	65d135c2465341eebc48671287551c40	8256	40281
1681250157593	25dc45ac495f4acdb44a6ee92a04d7cf	18460	5536
1681254657593	d759150c126947c89d5fe3663197fd61	21468	63534
1681276977593	9390cab57a0c44f097050e1bd7de163d	10908	1690
1681267377593	a2ae1f3b58f9414e9805608d69454cd8	49303	2611
1681276677593	1e1805d47ecb4c7189a479a9637ac60f	97978	83653
1681270257593	925b444724b448a19b5f3b38a391033c	43177	10164
1681263237593	37a5f952a50e4b2a896dc0c64dac4582	67021	21893
1681268697593	3952314a2bc04088b9a7349eed3cf361	35065	38653
1681250937593	3aef4a25e81249a893df0da52cc1101e	55000	52448
1681253817593	d3381302c9da4ef780e4977a02166316	42038	53083
1681271337593	28d5144a498e47b58edd396857d863c0	44551	35838
1681249077593	9a77ba0fb9b14996b94d265778fe6ce7	2839	18561
1681266897593	3aef4a25e81249a893df0da52cc1101e	17966	31911
1681252377593	5d38dab0c85d4285acaa8277e78bb893	16639	84448
1681254057593	98105e65df084b599397ed9c7c6cee71	21998	97832
1681267317593	678eeb58d4d545cbbd728a917d0523a3	6589	92461
1681265277593	54e1aafd532647878c12efc1b07a66d8	91921	58894
1681272897593	5d38dab0c85d4285acaa8277e78bb893	2597	56222
1681274097593	381a438d80994af1a2c4a66ff1745b6b	68939	97736
1681270017593	5d38dab0c85d4285acaa8277e78bb893	32058	24877
1681274397593	7415380925d64f8086f293bda7ebda0c	49657	17128
1681245177593	03154799c4d04893848f706377f0d365	65446	54579
1681269477593	1fab384aa5664a6da73f0f0fbb7ae36e	22435	39106
1681266657593	9c4a9cae511347a7b08839e29f0c79b2	90365	31885
1681248837593	a443009201ae45bcb7b17e14b45bada9	54747	81836
1681260237593	e0bf08bd38ca4b3986452fdbca6253d4	224	77050
1681277457593	19c8fc4ecbb2438883dc89ad7d763ba0	98844	73692
1681269537593	b0385a51f2544cd0abb13d5906967b70	80405	38779
1681253817593	54e1aafd532647878c12efc1b07a66d8	10222	41805
1681272837593	11706bbb9b394b71bfa6abb2e8afc4aa	7217	32977
1681265217593	284f8bc9520a4dc39eccc41065f4a505	40958	21433
1681252617593	572ec5ea6a8646dc88f81ca355940caa	47312	56386
1681251657593	284f8bc9520a4dc39eccc41065f4a505	30216	52863
1681272777593	54e1aafd532647878c12efc1b07a66d8	46521	35444
1681277277593	8f5b5eca091b40aab4d857f3440f82b1	64399	99934
1681276677593	9b322f5b24824d70b01c5c28caec4604	65340	15536
1681259637593	66f3bba0f5cd4723ba0b11508b5fba09	72032	27448
1681244037593	572ec5ea6a8646dc88f81ca355940caa	42453	28832
1681257777593	626145d482e4492baf505631fb9f85ad	61397	1680
1681250397593	11706bbb9b394b71bfa6abb2e8afc4aa	77768	81392
1681275537593	1aa3338c6028455a8c100a912f7826e1	78477	35883
1681277157593	78b585d4c6aa46b196f2e4cc494e484a	2436	36208
1681257477593	7415380925d64f8086f293bda7ebda0c	82166	82898
1681270497593	490332c5364949f0a04b34b84089db07	38850	85583
1681266657593	39aea86af6894762ae4bd89f4a58576b	934	36974
1681243317593	34bf442d5b5541d3b7867c7a94a0f61e	32389	21953
1681266117593	25dc45ac495f4acdb44a6ee92a04d7cf	26522	62410
1681244817593	c1cf4651d70d4124b6dbbaee145a7d18	73754	15770
1681252497593	03985307add246a99e45531a28fb3d7d	5535	2517
1681273077593	8792e8b8e2b24bccbba42abedb7ab0f5	45623	26481
1681270137593	dde6667c5ae54504b3638752308686ac	73191	36188
1681268577593	39aea86af6894762ae4bd89f4a58576b	28861	27933
1681271277593	c5433ec6cba340b7b788cd93be8cb4c5	42033	91379
1681254777593	3aef4a25e81249a893df0da52cc1101e	16791	55547
1681263597593	7aa335799d0d4eeb9944f448a6862f88	45187	62253
1681270677593	284f8bc9520a4dc39eccc41065f4a505	39385	32037
1681246557593	3aef4a25e81249a893df0da52cc1101e	23313	70783
1681242057593	66f3bba0f5cd4723ba0b11508b5fba09	95812	79451
1681265577593	8792e8b8e2b24bccbba42abedb7ab0f5	87445	98049
1681267797593	37a5f952a50e4b2a896dc0c64dac4582	77566	54398
1681270857593	566d5710959e4408ac08536174bf618e	64022	27532
1681272297593	53277e7607a2417c971e1568eec62076	9724	95375
1681247637593	3952314a2bc04088b9a7349eed3cf361	84323	70396
1681261557593	b84bbee7deff4adaa8532e5afcfa9dbd	13722	20180
1681263357593	25dc45ac495f4acdb44a6ee92a04d7cf	39159	23118
1681259277593	678eeb58d4d545cbbd728a917d0523a3	76511	15379
1681245537593	8f94bedb83964da796c2e4ffc194d53b	55124	51043
1681263057593	4f484d6f75de4e8b974d9a1215050863	62556	84821
1681273377593	626145d482e4492baf505631fb9f85ad	18314	64699
1681252917593	1fab384aa5664a6da73f0f0fbb7ae36e	17035	62564
1681242837593	73afa30a41284a9c80f83bcd313b32c9	87631	25147
1681252257593	8792e8b8e2b24bccbba42abedb7ab0f5	94481	83276
1681270917593	e0bf08bd38ca4b3986452fdbca6253d4	45541	53095
1681255377593	46b63c4900b9499991b56766834ad3fe	65534	28797
1681265337593	6120af0366884bc3a4813d877743d530	17305	53063
1681268997593	c5433ec6cba340b7b788cd93be8cb4c5	33097	65831
1681253037593	c60fe54ef3bf479c922a94bf654f115b	91295	34214
1681271337593	8f5b5eca091b40aab4d857f3440f82b1	982	79964
1681244697593	b92a8291ebc64200b4bef722eaf3c558	11833	5549
1681261737593	0fe4e46d617a42a9b8be56c970ea0412	84306	65777
1681248357593	1b24c2e68421436ca3db9f9e612920af	42959	97132
1681256037593	381a438d80994af1a2c4a66ff1745b6b	65491	40444
1681255677593	0ec97f69d756473a96696c9ff1f2e936	12374	56082
1681262877593	678eeb58d4d545cbbd728a917d0523a3	25434	76823
1681272117593	490332c5364949f0a04b34b84089db07	69515	30447
1681264437593	11706bbb9b394b71bfa6abb2e8afc4aa	30098	73915
1681276557593	a2ae1f3b58f9414e9805608d69454cd8	38679	14488
1681265217593	3924e410310341ba9d88304fa3f8c60c	52368	7237
1681266057593	490332c5364949f0a04b34b84089db07	28458	91139
1681245117593	c5433ec6cba340b7b788cd93be8cb4c5	46770	4437
1681266777593	65d135c2465341eebc48671287551c40	74529	34342
1681250697593	68e6201c63404d51b70eea440154386b	64322	50537
1681271277593	c1cf4651d70d4124b6dbbaee145a7d18	32577	24924
1681265517593	dcd88d406bc54f17b8cd1de9b95b8502	27154	27942
1681269897593	6d28ecc2be7942eca57c023a5e26edfc	90043	23903
1681252857593	6d28ecc2be7942eca57c023a5e26edfc	34879	63311
1681254057593	60a0cd55a1514bec9e2ae32fb87ba796	99112	28494
1681248777593	d24b7100a6654a73b652f383f384e387	75888	36395
1681269537593	4bbd08028629463c9d2b9ff716ca2f50	73580	51240
1681246077593	37a5f952a50e4b2a896dc0c64dac4582	41686	13571
1681243497593	9390cab57a0c44f097050e1bd7de163d	75317	38223
